mode: atomic
github.com/tommed/ducto-featureflags/cmd/ducto-flags/main.go:9.13,11.2 1 0
github.com/tommed/ducto-featureflags/cmd/ducto-flags/main.go:9.13,11.2 1 0
github.com/tommed/ducto-featureflags/internal/cli/context.go:12.38,12.70 1 0
github.com/tommed/ducto-featureflags/internal/cli/context.go:13.46,16.2 2 0
github.com/tommed/ducto-featureflags/internal/cli/context.go:19.51,21.26 2 0
github.com/tommed/ducto-featureflags/internal/cli/context.go:21.26,23.22 2 0
github.com/tommed/ducto-featureflags/internal/cli/context.go:23.22,25.4 1 0
github.com/tommed/ducto-featureflags/internal/cli/context.go:27.2,27.12 1 0
github.com/tommed/ducto-featureflags/internal/cli/root.go:7.59,8.20 1 0
github.com/tommed/ducto-featureflags/internal/cli/root.go:8.20,10.3 1 0
github.com/tommed/ducto-featureflags/internal/cli/root.go:12.2,12.17 1 0
github.com/tommed/ducto-featureflags/internal/cli/root.go:13.15,14.41 1 0
github.com/tommed/ducto-featureflags/internal/cli/root.go:15.10,16.35 1 0
github.com/tommed/ducto-featureflags/internal/cli/runner.go:13.55,26.39 11 0
github.com/tommed/ducto-featureflags/internal/cli/runner.go:26.39,29.3 2 0
github.com/tommed/ducto-featureflags/internal/cli/runner.go:31.2,31.16 1 0
github.com/tommed/ducto-featureflags/internal/cli/runner.go:31.16,34.3 2 0
github.com/tommed/ducto-featureflags/internal/cli/runner.go:36.2,36.28 1 0
github.com/tommed/ducto-featureflags/internal/cli/runner.go:36.28,39.3 2 0
github.com/tommed/ducto-featureflags/internal/cli/runner.go:41.2,42.16 2 0
github.com/tommed/ducto-featureflags/internal/cli/runner.go:42.16,45.3 2 0
github.com/tommed/ducto-featureflags/internal/cli/runner.go:47.2,47.14 1 0
github.com/tommed/ducto-featureflags/internal/cli/runner.go:47.14,50.3 2 0
github.com/tommed/ducto-featureflags/internal/cli/runner.go:52.2,54.9 3 0
github.com/tommed/ducto-featureflags/internal/cli/runner.go:54.9,57.3 2 0
github.com/tommed/ducto-featureflags/internal/cli/runner.go:58.2,59.16 2 0
github.com/tommed/ducto-featureflags/internal/cli/runner.go:59.16,62.3 2 0
github.com/tommed/ducto-featureflags/internal/cli/runner.go:64.2,66.10 3 0
github.com/tommed/ducto-featureflags/internal/cli/runner.go:69.55,73.2 3 0
github.com/tommed/ducto-featureflags/internal/cli/serve.go:27.57,38.39 8 0
github.com/tommed/ducto-featureflags/internal/cli/serve.go:38.39,41.3 2 0
github.com/tommed/ducto-featureflags/internal/cli/serve.go:43.2,47.16 5 0
github.com/tommed/ducto-featureflags/internal/cli/serve.go:47.16,50.3 2 0
github.com/tommed/ducto-featureflags/internal/cli/serve.go:52.2,53.93 2 0
github.com/tommed/ducto-featureflags/internal/cli/serve.go:53.93,54.55 1 0
github.com/tommed/ducto-featureflags/internal/cli/serve.go:54.55,55.19 1 0
github.com/tommed/ducto-featureflags/internal/cli/serve.go:55.19,58.25 3 0
github.com/tommed/ducto-featureflags/internal/cli/serve.go:58.25,61.6 2 0
github.com/tommed/ducto-featureflags/internal/cli/serve.go:65.4,66.24 2 0
github.com/tommed/ducto-featureflags/internal/cli/serve.go:66.24,67.57 1 0
github.com/tommed/ducto-featureflags/internal/cli/serve.go:67.57,68.91 1 0
github.com/tommed/ducto-featureflags/internal/cli/serve.go:68.91,71.7 2 0
github.com/tommed/ducto-featureflags/internal/cli/serve.go:74.4,78.17 3 0
github.com/tommed/ducto-featureflags/internal/cli/serve.go:78.17,81.37 2 0
github.com/tommed/ducto-featureflags/internal/cli/serve.go:81.37,82.20 1 0
github.com/tommed/ducto-featureflags/internal/cli/serve.go:82.20,84.7 1 0
github.com/tommed/ducto-featureflags/internal/cli/serve.go:88.5,89.12 2 0
github.com/tommed/ducto-featureflags/internal/cli/serve.go:89.12,97.6 2 0
github.com/tommed/ducto-featureflags/internal/cli/serve.go:99.5,105.23 3 0
github.com/tommed/ducto-featureflags/internal/cli/serve.go:105.23,107.6 1 0
github.com/tommed/ducto-featureflags/internal/cli/serve.go:108.5,109.11 2 0
github.com/tommed/ducto-featureflags/internal/cli/serve.go:113.4,113.31 1 0
github.com/tommed/ducto-featureflags/internal/cli/serve.go:116.2,124.12 5 0
github.com/tommed/ducto-featureflags/internal/cli/serve.go:124.12,128.3 3 0
github.com/tommed/ducto-featureflags/internal/cli/serve.go:130.2,131.48 2 0
github.com/tommed/ducto-featureflags/internal/cli/serve.go:131.48,132.44 1 0
github.com/tommed/ducto-featureflags/internal/cli/serve.go:132.44,135.4 2 0
github.com/tommed/ducto-featureflags/internal/cli/serve.go:138.2,138.10 1 0
github.com/tommed/ducto-featureflags/internal/cli/serve.go:141.59,145.2 3 0
github.com/tommed/ducto-featureflags/internal/cli/serve.go:147.59,149.2 1 0
github.com/tommed/ducto-featureflags/openfeature/provider.go:13.66,15.2 1 8
github.com/tommed/ducto-featureflags/openfeature/provider.go:17.57,19.2 1 4
github.com/tommed/ducto-featureflags/openfeature/provider.go:21.52,23.2 1 4
github.com/tommed/ducto-featureflags/openfeature/provider_context.go:9.79,11.23 2 8
github.com/tommed/ducto-featureflags/openfeature/provider_context.go:11.23,12.30 1 10
github.com/tommed/ducto-featureflags/openfeature/provider_context.go:12.30,14.4 1 9
github.com/tommed/ducto-featureflags/openfeature/provider_context.go:16.2,16.15 1 8
github.com/tommed/ducto-featureflags/openfeature/resolve_bool.go:13.36,15.12 2 2
github.com/tommed/ducto-featureflags/openfeature/resolve_bool.go:15.12,23.3 1 0
github.com/tommed/ducto-featureflags/openfeature/resolve_bool.go:25.2,27.16 3 2
github.com/tommed/ducto-featureflags/openfeature/resolve_bool.go:27.16,36.3 1 0
github.com/tommed/ducto-featureflags/openfeature/resolve_bool.go:38.2,39.9 2 2
github.com/tommed/ducto-featureflags/openfeature/resolve_bool.go:39.9,48.3 1 0
github.com/tommed/ducto-featureflags/openfeature/resolve_bool.go:50.2,51.20 2 2
github.com/tommed/ducto-featureflags/openfeature/resolve_bool.go:51.20,53.3 1 1
github.com/tommed/ducto-featureflags/openfeature/resolve_bool.go:55.2,61.3 1 2
github.com/tommed/ducto-featureflags/openfeature/resolve_numbers.go:13.35,15.12 2 1
github.com/tommed/ducto-featureflags/openfeature/resolve_numbers.go:15.12,23.3 1 0
github.com/tommed/ducto-featureflags/openfeature/resolve_numbers.go:25.2,27.16 3 1
github.com/tommed/ducto-featureflags/openfeature/resolve_numbers.go:27.16,36.3 1 0
github.com/tommed/ducto-featureflags/openfeature/resolve_numbers.go:38.2,39.34 2 1
github.com/tommed/ducto-featureflags/openfeature/resolve_numbers.go:40.11,41.15 1 0
github.com/tommed/ducto-featureflags/openfeature/resolve_numbers.go:42.13,43.8 1 0
github.com/tommed/ducto-featureflags/openfeature/resolve_numbers.go:44.15,45.15 1 1
github.com/tommed/ducto-featureflags/openfeature/resolve_numbers.go:46.10,54.4 1 0
github.com/tommed/ducto-featureflags/openfeature/resolve_numbers.go:57.2,58.20 2 1
github.com/tommed/ducto-featureflags/openfeature/resolve_numbers.go:58.20,60.3 1 1
github.com/tommed/ducto-featureflags/openfeature/resolve_numbers.go:62.2,68.3 1 1
github.com/tommed/ducto-featureflags/openfeature/resolve_numbers.go:76.37,78.12 2 1
github.com/tommed/ducto-featureflags/openfeature/resolve_numbers.go:78.12,86.3 1 0
github.com/tommed/ducto-featureflags/openfeature/resolve_numbers.go:88.2,90.16 3 1
github.com/tommed/ducto-featureflags/openfeature/resolve_numbers.go:90.16,99.3 1 0
github.com/tommed/ducto-featureflags/openfeature/resolve_numbers.go:101.2,102.34 2 1
github.com/tommed/ducto-featureflags/openfeature/resolve_numbers.go:103.15,104.8 1 1
github.com/tommed/ducto-featureflags/openfeature/resolve_numbers.go:105.15,106.17 1 0
github.com/tommed/ducto-featureflags/openfeature/resolve_numbers.go:107.11,108.17 1 0
github.com/tommed/ducto-featureflags/openfeature/resolve_numbers.go:109.13,110.17 1 0
github.com/tommed/ducto-featureflags/openfeature/resolve_numbers.go:111.10,119.4 1 0
github.com/tommed/ducto-featureflags/openfeature/resolve_numbers.go:122.2,123.20 2 1
github.com/tommed/ducto-featureflags/openfeature/resolve_numbers.go:123.20,125.3 1 1
github.com/tommed/ducto-featureflags/openfeature/resolve_numbers.go:127.2,133.3 1 1
github.com/tommed/ducto-featureflags/openfeature/resolve_objects.go:13.41,15.12 2 1
github.com/tommed/ducto-featureflags/openfeature/resolve_objects.go:15.12,23.3 1 0
github.com/tommed/ducto-featureflags/openfeature/resolve_objects.go:25.2,27.16 3 1
github.com/tommed/ducto-featureflags/openfeature/resolve_objects.go:27.16,36.3 1 0
github.com/tommed/ducto-featureflags/openfeature/resolve_objects.go:38.2,39.20 2 1
github.com/tommed/ducto-featureflags/openfeature/resolve_objects.go:39.20,41.3 1 1
github.com/tommed/ducto-featureflags/openfeature/resolve_objects.go:43.2,49.3 1 1
github.com/tommed/ducto-featureflags/openfeature/resolve_string.go:13.38,15.12 2 3
github.com/tommed/ducto-featureflags/openfeature/resolve_string.go:15.12,23.3 1 0
github.com/tommed/ducto-featureflags/openfeature/resolve_string.go:25.2,27.16 3 3
github.com/tommed/ducto-featureflags/openfeature/resolve_string.go:27.16,36.3 1 0
github.com/tommed/ducto-featureflags/openfeature/resolve_string.go:38.2,39.9 2 3
github.com/tommed/ducto-featureflags/openfeature/resolve_string.go:39.9,48.3 1 0
github.com/tommed/ducto-featureflags/openfeature/resolve_string.go:50.2,51.20 2 3
github.com/tommed/ducto-featureflags/openfeature/resolve_string.go:51.20,53.3 1 1
github.com/tommed/ducto-featureflags/openfeature/resolve_string.go:55.2,61.3 1 3
github.com/tommed/ducto-featureflags/sdk/eval.go:16.58,17.31 1 8
github.com/tommed/ducto-featureflags/sdk/eval.go:17.31,18.29 1 5
github.com/tommed/ducto-featureflags/sdk/eval.go:18.29,19.26 1 5
github.com/tommed/ducto-featureflags/sdk/eval.go:19.26,21.5 1 0
github.com/tommed/ducto-featureflags/sdk/eval.go:23.4,24.14 2 5
github.com/tommed/ducto-featureflags/sdk/eval.go:24.14,26.5 1 0
github.com/tommed/ducto-featureflags/sdk/eval.go:28.4,33.5 1 5
github.com/tommed/ducto-featureflags/sdk/eval.go:38.2,39.12 2 3
github.com/tommed/ducto-featureflags/sdk/eval.go:39.12,41.3 1 0
github.com/tommed/ducto-featureflags/sdk/eval.go:43.2,48.3 1 3
github.com/tommed/ducto-featureflags/sdk/eval.go:51.58,53.28 1 5
github.com/tommed/ducto-featureflags/sdk/eval.go:53.28,54.18 1 5
github.com/tommed/ducto-featureflags/sdk/eval.go:54.18,56.4 1 0
github.com/tommed/ducto-featureflags/sdk/eval.go:60.2,60.25 1 5
github.com/tommed/ducto-featureflags/sdk/eval.go:60.25,61.25 1 0
github.com/tommed/ducto-featureflags/sdk/eval.go:61.25,63.4 1 0
github.com/tommed/ducto-featureflags/sdk/eval.go:64.3,65.20 2 0
github.com/tommed/ducto-featureflags/sdk/eval.go:65.20,67.4 1 0
github.com/tommed/ducto-featureflags/sdk/eval.go:68.3,69.10 2 0
github.com/tommed/ducto-featureflags/sdk/eval.go:69.10,71.29 1 0
github.com/tommed/ducto-featureflags/sdk/eval.go:71.29,73.22 2 0
github.com/tommed/ducto-featureflags/sdk/eval.go:73.22,75.6 1 0
github.com/tommed/ducto-featureflags/sdk/eval.go:76.10,78.5 1 0
github.com/tommed/ducto-featureflags/sdk/eval.go:81.3,82.33 2 0
github.com/tommed/ducto-featureflags/sdk/eval.go:85.2,85.13 1 5
github.com/tommed/ducto-featureflags/sdk/file.go:13.52,15.16 2 0
github.com/tommed/ducto-featureflags/sdk/file.go:15.16,17.3 1 0
github.com/tommed/ducto-featureflags/sdk/file.go:18.2,18.62 1 0
github.com/tommed/ducto-featureflags/sdk/file.go:22.78,24.16 2 7
github.com/tommed/ducto-featureflags/sdk/file.go:25.14,26.55 1 0
github.com/tommed/ducto-featureflags/sdk/file.go:26.55,28.4 1 0
github.com/tommed/ducto-featureflags/sdk/file.go:29.10,30.55 1 7
github.com/tommed/ducto-featureflags/sdk/file.go:30.55,32.4 1 0
github.com/tommed/ducto-featureflags/sdk/file.go:34.2,34.35 1 7
github.com/tommed/ducto-featureflags/sdk/file.go:37.39,39.13 2 0
github.com/tommed/ducto-featureflags/sdk/file.go:40.23,41.16 1 0
github.com/tommed/ducto-featureflags/sdk/file.go:42.10,43.16 1 0
github.com/tommed/ducto-featureflags/sdk/file_provider.go:15.49,17.2 1 0
github.com/tommed/ducto-featureflags/sdk/file_provider.go:19.74,21.2 1 0
github.com/tommed/ducto-featureflags/sdk/file_provider.go:31.61,32.21 1 0
github.com/tommed/ducto-featureflags/sdk/file_provider.go:32.21,34.3 1 0
github.com/tommed/ducto-featureflags/sdk/file_provider.go:38.64,40.16 2 0
github.com/tommed/ducto-featureflags/sdk/file_provider.go:40.16,42.3 1 0
github.com/tommed/ducto-featureflags/sdk/file_provider.go:43.2,44.16 2 0
github.com/tommed/ducto-featureflags/sdk/file_provider.go:44.16,46.3 1 0
github.com/tommed/ducto-featureflags/sdk/file_provider.go:48.2,53.19 5 0
github.com/tommed/ducto-featureflags/sdk/file_provider.go:56.74,58.16 2 0
github.com/tommed/ducto-featureflags/sdk/file_provider.go:58.16,60.3 1 0
github.com/tommed/ducto-featureflags/sdk/file_provider.go:62.2,64.16 3 0
github.com/tommed/ducto-featureflags/sdk/file_provider.go:64.16,66.3 1 0
github.com/tommed/ducto-featureflags/sdk/file_provider.go:68.2,71.6 3 0
github.com/tommed/ducto-featureflags/sdk/file_provider.go:71.6,72.10 1 0
github.com/tommed/ducto-featureflags/sdk/file_provider.go:73.21,74.10 1 0
github.com/tommed/ducto-featureflags/sdk/file_provider.go:75.32,77.26 2 0
github.com/tommed/ducto-featureflags/sdk/file_provider.go:77.26,78.13 1 0
github.com/tommed/ducto-featureflags/sdk/file_provider.go:80.4,80.68 1 0
github.com/tommed/ducto-featureflags/sdk/file_provider.go:80.68,83.19 3 0
github.com/tommed/ducto-featureflags/sdk/file_provider.go:83.19,85.6 1 0
github.com/tommed/ducto-featureflags/sdk/file_provider.go:87.32,88.46 1 0
github.com/tommed/ducto-featureflags/sdk/http.go:8.85,11.2 2 0
github.com/tommed/ducto-featureflags/sdk/http_provider.go:22.86,28.2 1 0
github.com/tommed/ducto-featureflags/sdk/http_provider.go:30.66,34.16 2 0
github.com/tommed/ducto-featureflags/sdk/http_provider.go:34.16,36.3 1 0
github.com/tommed/ducto-featureflags/sdk/http_provider.go:37.2,37.19 1 0
github.com/tommed/ducto-featureflags/sdk/http_provider.go:37.19,39.3 1 0
github.com/tommed/ducto-featureflags/sdk/http_provider.go:40.2,40.21 1 0
github.com/tommed/ducto-featureflags/sdk/http_provider.go:40.21,42.3 1 0
github.com/tommed/ducto-featureflags/sdk/http_provider.go:45.2,46.16 2 0
github.com/tommed/ducto-featureflags/sdk/http_provider.go:46.16,48.3 1 0
github.com/tommed/ducto-featureflags/sdk/http_provider.go:51.2,54.47 2 0
github.com/tommed/ducto-featureflags/sdk/http_provider.go:54.47,56.3 1 0
github.com/tommed/ducto-featureflags/sdk/http_provider.go:57.2,57.28 1 0
github.com/tommed/ducto-featureflags/sdk/http_provider.go:57.28,59.3 1 0
github.com/tommed/ducto-featureflags/sdk/http_provider.go:61.2,62.16 2 0
github.com/tommed/ducto-featureflags/sdk/http_provider.go:62.16,64.3 1 0
github.com/tommed/ducto-featureflags/sdk/http_provider.go:66.2,67.16 2 0
github.com/tommed/ducto-featureflags/sdk/http_provider.go:67.16,69.3 1 0
github.com/tommed/ducto-featureflags/sdk/http_provider.go:71.2,75.19 5 0
github.com/tommed/ducto-featureflags/sdk/http_provider.go:78.74,82.6 3 0
github.com/tommed/ducto-featureflags/sdk/http_provider.go:82.6,83.10 1 0
github.com/tommed/ducto-featureflags/sdk/http_provider.go:84.21,85.10 1 0
github.com/tommed/ducto-featureflags/sdk/http_provider.go:86.19,88.34 2 0
github.com/tommed/ducto-featureflags/sdk/http_provider.go:88.34,89.13 1 0
github.com/tommed/ducto-featureflags/sdk/http_provider.go:91.4,91.19 1 0
github.com/tommed/ducto-featureflags/sdk/store.go:13.47,15.2 1 1
github.com/tommed/ducto-featureflags/sdk/store.go:18.46,21.2 2 8
github.com/tommed/ducto-featureflags/sdk/store.go:24.44,26.2 1 0
github.com/tommed/ducto-featureflags/sdk/store_dynamic.go:26.81,31.2 1 0
github.com/tommed/ducto-featureflags/sdk/store_dynamic.go:33.48,37.2 3 0
github.com/tommed/ducto-featureflags/sdk/store_dynamic.go:40.38,42.16 2 0
github.com/tommed/ducto-featureflags/sdk/store_dynamic.go:42.16,44.3 1 0
github.com/tommed/ducto-featureflags/sdk/store_dynamic.go:45.2,48.48 3 0
github.com/tommed/ducto-featureflags/sdk/store_dynamic.go:48.48,49.21 1 0
github.com/tommed/ducto-featureflags/sdk/store_dynamic.go:49.21,51.4 1 0
github.com/tommed/ducto-featureflags/sdk/store_dynamic.go:52.3,55.16 4 0
github.com/tommed/ducto-featureflags/sdk/store_dynamic.go:58.2,58.12 1 0
github.com/tommed/ducto-featureflags/sdk/store_dynamic.go:62.53,66.2 3 0
github.com/tommed/ducto-featureflags/sdk/store_dynamic.go:69.51,73.2 3 0
github.com/tommed/ducto-featureflags/sdk/utils.go:15.27,16.25 1 0
github.com/tommed/ducto-featureflags/sdk/utils.go:16.25,18.17 2 0
github.com/tommed/ducto-featureflags/sdk/utils.go:18.17,20.4 1 0
github.com/tommed/ducto-featureflags/sdk/utils.go:22.2,22.23 1 0
github.com/tommed/ducto-featureflags/sdk/utils.go:25.44,26.14 1 0
github.com/tommed/ducto-featureflags/sdk/utils.go:27.16,29.25 2 0
github.com/tommed/ducto-featureflags/sdk/utils.go:30.10,33.30 3 0
github.com/tommed/ducto-featureflags/test/utils.go:8.44,13.2 1 0
github.com/tommed/ducto-featureflags/test/utils.go:15.32,17.2 1 0
github.com/tommed/ducto-featureflags/test/utils.go:19.46,20.16 1 0
github.com/tommed/ducto-featureflags/test/utils.go:21.14,23.22 2 0
github.com/tommed/ducto-featureflags/test/utils.go:24.10,26.22 2 0
github.com/tommed/ducto-featureflags/test/utils.go:8.44,13.2 1 0
github.com/tommed/ducto-featureflags/test/utils.go:15.32,17.2 1 0
github.com/tommed/ducto-featureflags/test/utils.go:19.46,20.16 1 0
github.com/tommed/ducto-featureflags/test/utils.go:21.14,23.22 2 0
github.com/tommed/ducto-featureflags/test/utils.go:24.10,26.22 2 0
github.com/tommed/ducto-featureflags/cmd/ducto-flags/main.go:9.13,11.2 1 0
github.com/tommed/ducto-featureflags/internal/cli/context.go:12.38,12.70 1 10
github.com/tommed/ducto-featureflags/internal/cli/context.go:13.46,16.2 2 1
github.com/tommed/ducto-featureflags/internal/cli/context.go:19.51,21.26 2 2
github.com/tommed/ducto-featureflags/internal/cli/context.go:21.26,23.22 2 1
github.com/tommed/ducto-featureflags/internal/cli/context.go:23.22,25.4 1 1
github.com/tommed/ducto-featureflags/internal/cli/context.go:27.2,27.12 1 2
github.com/tommed/ducto-featureflags/internal/cli/root.go:7.59,8.20 1 4
github.com/tommed/ducto-featureflags/internal/cli/root.go:8.20,10.3 1 0
github.com/tommed/ducto-featureflags/internal/cli/root.go:12.2,12.17 1 4
github.com/tommed/ducto-featureflags/internal/cli/root.go:13.15,14.41 1 3
github.com/tommed/ducto-featureflags/internal/cli/root.go:15.10,16.35 1 1
github.com/tommed/ducto-featureflags/internal/cli/runner.go:13.55,26.39 11 8
github.com/tommed/ducto-featureflags/internal/cli/runner.go:26.39,29.3 2 2
github.com/tommed/ducto-featureflags/internal/cli/runner.go:31.2,31.16 1 6
github.com/tommed/ducto-featureflags/internal/cli/runner.go:31.16,34.3 2 1
github.com/tommed/ducto-featureflags/internal/cli/runner.go:36.2,36.28 1 5
github.com/tommed/ducto-featureflags/internal/cli/runner.go:36.28,39.3 2 1
github.com/tommed/ducto-featureflags/internal/cli/runner.go:41.2,42.16 2 4
github.com/tommed/ducto-featureflags/internal/cli/runner.go:42.16,45.3 2 1
github.com/tommed/ducto-featureflags/internal/cli/runner.go:47.2,47.14 1 3
github.com/tommed/ducto-featureflags/internal/cli/runner.go:47.14,50.3 2 1
github.com/tommed/ducto-featureflags/internal/cli/runner.go:52.2,54.9 3 2
github.com/tommed/ducto-featureflags/internal/cli/runner.go:54.9,57.3 2 0
github.com/tommed/ducto-featureflags/internal/cli/runner.go:58.2,59.16 2 2
github.com/tommed/ducto-featureflags/internal/cli/runner.go:59.16,62.3 2 0
github.com/tommed/ducto-featureflags/internal/cli/runner.go:64.2,66.10 3 2
github.com/tommed/ducto-featureflags/internal/cli/runner.go:69.55,73.2 3 1
github.com/tommed/ducto-featureflags/internal/cli/serve.go:27.57,38.39 8 4
github.com/tommed/ducto-featureflags/internal/cli/serve.go:38.39,41.3 2 0
github.com/tommed/ducto-featureflags/internal/cli/serve.go:43.2,47.16 5 4
github.com/tommed/ducto-featureflags/internal/cli/serve.go:47.16,50.3 2 0
github.com/tommed/ducto-featureflags/internal/cli/serve.go:52.2,53.93 2 4
github.com/tommed/ducto-featureflags/internal/cli/serve.go:53.93,54.55 1 12
github.com/tommed/ducto-featureflags/internal/cli/serve.go:54.55,55.19 1 5
github.com/tommed/ducto-featureflags/internal/cli/serve.go:55.19,58.25 3 2
github.com/tommed/ducto-featureflags/internal/cli/serve.go:58.25,61.6 2 1
github.com/tommed/ducto-featureflags/internal/cli/serve.go:65.4,66.24 2 4
github.com/tommed/ducto-featureflags/internal/cli/serve.go:66.24,67.57 1 0
github.com/tommed/ducto-featureflags/internal/cli/serve.go:67.57,68.91 1 0
github.com/tommed/ducto-featureflags/internal/cli/serve.go:68.91,71.7 2 0
github.com/tommed/ducto-featureflags/internal/cli/serve.go:74.4,78.17 3 4
github.com/tommed/ducto-featureflags/internal/cli/serve.go:78.17,81.37 2 4
github.com/tommed/ducto-featureflags/internal/cli/serve.go:81.37,82.20 1 7
github.com/tommed/ducto-featureflags/internal/cli/serve.go:82.20,84.7 1 7
github.com/tommed/ducto-featureflags/internal/cli/serve.go:88.5,89.12 2 4
github.com/tommed/ducto-featureflags/internal/cli/serve.go:89.12,97.6 2 1
github.com/tommed/ducto-featureflags/internal/cli/serve.go:99.5,105.23 3 3
github.com/tommed/ducto-featureflags/internal/cli/serve.go:105.23,107.6 1 3
github.com/tommed/ducto-featureflags/internal/cli/serve.go:108.5,109.11 2 3
github.com/tommed/ducto-featureflags/internal/cli/serve.go:113.4,113.31 1 0
github.com/tommed/ducto-featureflags/internal/cli/serve.go:116.2,124.12 5 4
github.com/tommed/ducto-featureflags/internal/cli/serve.go:124.12,128.3 3 4
github.com/tommed/ducto-featureflags/internal/cli/serve.go:130.2,131.48 2 4
github.com/tommed/ducto-featureflags/internal/cli/serve.go:131.48,132.44 1 2
github.com/tommed/ducto-featureflags/internal/cli/serve.go:132.44,135.4 2 2
github.com/tommed/ducto-featureflags/internal/cli/serve.go:138.2,138.10 1 0
github.com/tommed/ducto-featureflags/internal/cli/serve.go:141.59,145.2 3 3
github.com/tommed/ducto-featureflags/internal/cli/serve.go:147.59,149.2 1 1
github.com/tommed/ducto-featureflags/openfeature/provider.go:13.66,15.2 1 0
github.com/tommed/ducto-featureflags/openfeature/provider.go:17.57,19.2 1 0
github.com/tommed/ducto-featureflags/openfeature/provider.go:21.52,23.2 1 0
github.com/tommed/ducto-featureflags/openfeature/provider_context.go:9.79,11.23 2 0
github.com/tommed/ducto-featureflags/openfeature/provider_context.go:11.23,12.30 1 0
github.com/tommed/ducto-featureflags/openfeature/provider_context.go:12.30,14.4 1 0
github.com/tommed/ducto-featureflags/openfeature/provider_context.go:16.2,16.15 1 0
github.com/tommed/ducto-featureflags/openfeature/resolve_bool.go:13.36,15.12 2 0
github.com/tommed/ducto-featureflags/openfeature/resolve_bool.go:15.12,23.3 1 0
github.com/tommed/ducto-featureflags/openfeature/resolve_bool.go:25.2,27.16 3 0
github.com/tommed/ducto-featureflags/openfeature/resolve_bool.go:27.16,36.3 1 0
github.com/tommed/ducto-featureflags/openfeature/resolve_bool.go:38.2,39.9 2 0
github.com/tommed/ducto-featureflags/openfeature/resolve_bool.go:39.9,48.3 1 0
github.com/tommed/ducto-featureflags/openfeature/resolve_bool.go:50.2,51.20 2 0
github.com/tommed/ducto-featureflags/openfeature/resolve_bool.go:51.20,53.3 1 0
github.com/tommed/ducto-featureflags/openfeature/resolve_bool.go:55.2,61.3 1 0
github.com/tommed/ducto-featureflags/openfeature/resolve_numbers.go:13.35,15.12 2 0
github.com/tommed/ducto-featureflags/openfeature/resolve_numbers.go:15.12,23.3 1 0
github.com/tommed/ducto-featureflags/openfeature/resolve_numbers.go:25.2,27.16 3 0
github.com/tommed/ducto-featureflags/openfeature/resolve_numbers.go:27.16,36.3 1 0
github.com/tommed/ducto-featureflags/openfeature/resolve_numbers.go:38.2,39.34 2 0
github.com/tommed/ducto-featureflags/openfeature/resolve_numbers.go:40.11,41.15 1 0
github.com/tommed/ducto-featureflags/openfeature/resolve_numbers.go:42.13,43.8 1 0
github.com/tommed/ducto-featureflags/openfeature/resolve_numbers.go:44.15,45.15 1 0
github.com/tommed/ducto-featureflags/openfeature/resolve_numbers.go:46.10,54.4 1 0
github.com/tommed/ducto-featureflags/openfeature/resolve_numbers.go:57.2,58.20 2 0
github.com/tommed/ducto-featureflags/openfeature/resolve_numbers.go:58.20,60.3 1 0
github.com/tommed/ducto-featureflags/openfeature/resolve_numbers.go:62.2,68.3 1 0
github.com/tommed/ducto-featureflags/openfeature/resolve_numbers.go:76.37,78.12 2 0
github.com/tommed/ducto-featureflags/openfeature/resolve_numbers.go:78.12,86.3 1 0
github.com/tommed/ducto-featureflags/openfeature/resolve_numbers.go:88.2,90.16 3 0
github.com/tommed/ducto-featureflags/openfeature/resolve_numbers.go:90.16,99.3 1 0
github.com/tommed/ducto-featureflags/openfeature/resolve_numbers.go:101.2,102.34 2 0
github.com/tommed/ducto-featureflags/openfeature/resolve_numbers.go:103.15,104.8 1 0
github.com/tommed/ducto-featureflags/openfeature/resolve_numbers.go:105.15,106.17 1 0
github.com/tommed/ducto-featureflags/openfeature/resolve_numbers.go:107.11,108.17 1 0
github.com/tommed/ducto-featureflags/openfeature/resolve_numbers.go:109.13,110.17 1 0
github.com/tommed/ducto-featureflags/openfeature/resolve_numbers.go:111.10,119.4 1 0
github.com/tommed/ducto-featureflags/openfeature/resolve_numbers.go:122.2,123.20 2 0
github.com/tommed/ducto-featureflags/openfeature/resolve_numbers.go:123.20,125.3 1 0
github.com/tommed/ducto-featureflags/openfeature/resolve_numbers.go:127.2,133.3 1 0
github.com/tommed/ducto-featureflags/openfeature/resolve_objects.go:13.41,15.12 2 0
github.com/tommed/ducto-featureflags/openfeature/resolve_objects.go:15.12,23.3 1 0
github.com/tommed/ducto-featureflags/openfeature/resolve_objects.go:25.2,27.16 3 0
github.com/tommed/ducto-featureflags/openfeature/resolve_objects.go:27.16,36.3 1 0
github.com/tommed/ducto-featureflags/openfeature/resolve_objects.go:38.2,39.20 2 0
github.com/tommed/ducto-featureflags/openfeature/resolve_objects.go:39.20,41.3 1 0
github.com/tommed/ducto-featureflags/openfeature/resolve_objects.go:43.2,49.3 1 0
github.com/tommed/ducto-featureflags/openfeature/resolve_string.go:13.38,15.12 2 0
github.com/tommed/ducto-featureflags/openfeature/resolve_string.go:15.12,23.3 1 0
github.com/tommed/ducto-featureflags/openfeature/resolve_string.go:25.2,27.16 3 0
github.com/tommed/ducto-featureflags/openfeature/resolve_string.go:27.16,36.3 1 0
github.com/tommed/ducto-featureflags/openfeature/resolve_string.go:38.2,39.9 2 0
github.com/tommed/ducto-featureflags/openfeature/resolve_string.go:39.9,48.3 1 0
github.com/tommed/ducto-featureflags/openfeature/resolve_string.go:50.2,51.20 2 0
github.com/tommed/ducto-featureflags/openfeature/resolve_string.go:51.20,53.3 1 0
github.com/tommed/ducto-featureflags/openfeature/resolve_string.go:55.2,61.3 1 0
github.com/tommed/ducto-featureflags/sdk/eval.go:16.58,17.31 1 5
github.com/tommed/ducto-featureflags/sdk/eval.go:17.31,18.29 1 4
github.com/tommed/ducto-featureflags/sdk/eval.go:18.29,19.26 1 4
github.com/tommed/ducto-featureflags/sdk/eval.go:19.26,21.5 1 0
github.com/tommed/ducto-featureflags/sdk/eval.go:23.4,24.14 2 4
github.com/tommed/ducto-featureflags/sdk/eval.go:24.14,26.5 1 0
github.com/tommed/ducto-featureflags/sdk/eval.go:28.4,33.5 1 4
github.com/tommed/ducto-featureflags/sdk/eval.go:38.2,39.12 2 1
github.com/tommed/ducto-featureflags/sdk/eval.go:39.12,41.3 1 0
github.com/tommed/ducto-featureflags/sdk/eval.go:43.2,48.3 1 1
github.com/tommed/ducto-featureflags/sdk/eval.go:51.58,53.28 1 4
github.com/tommed/ducto-featureflags/sdk/eval.go:53.28,54.18 1 4
github.com/tommed/ducto-featureflags/sdk/eval.go:54.18,56.4 1 0
github.com/tommed/ducto-featureflags/sdk/eval.go:60.2,60.25 1 4
github.com/tommed/ducto-featureflags/sdk/eval.go:60.25,61.25 1 0
github.com/tommed/ducto-featureflags/sdk/eval.go:61.25,63.4 1 0
github.com/tommed/ducto-featureflags/sdk/eval.go:64.3,65.20 2 0
github.com/tommed/ducto-featureflags/sdk/eval.go:65.20,67.4 1 0
github.com/tommed/ducto-featureflags/sdk/eval.go:68.3,69.10 2 0
github.com/tommed/ducto-featureflags/sdk/eval.go:69.10,71.29 1 0
github.com/tommed/ducto-featureflags/sdk/eval.go:71.29,73.22 2 0
github.com/tommed/ducto-featureflags/sdk/eval.go:73.22,75.6 1 0
github.com/tommed/ducto-featureflags/sdk/eval.go:76.10,78.5 1 0
github.com/tommed/ducto-featureflags/sdk/eval.go:81.3,82.33 2 0
github.com/tommed/ducto-featureflags/sdk/eval.go:85.2,85.13 1 4
github.com/tommed/ducto-featureflags/sdk/file.go:13.52,15.16 2 8
github.com/tommed/ducto-featureflags/sdk/file.go:15.16,17.3 1 1
github.com/tommed/ducto-featureflags/sdk/file.go:18.2,18.62 1 7
github.com/tommed/ducto-featureflags/sdk/file.go:22.78,24.16 2 7
github.com/tommed/ducto-featureflags/sdk/file.go:25.14,26.55 1 0
github.com/tommed/ducto-featureflags/sdk/file.go:26.55,28.4 1 0
github.com/tommed/ducto-featureflags/sdk/file.go:29.10,30.55 1 7
github.com/tommed/ducto-featureflags/sdk/file.go:30.55,32.4 1 0
github.com/tommed/ducto-featureflags/sdk/file.go:34.2,34.35 1 7
github.com/tommed/ducto-featureflags/sdk/file.go:37.39,39.13 2 7
github.com/tommed/ducto-featureflags/sdk/file.go:40.23,41.16 1 0
github.com/tommed/ducto-featureflags/sdk/file.go:42.10,43.16 1 7
github.com/tommed/ducto-featureflags/sdk/file_provider.go:15.49,17.2 1 0
github.com/tommed/ducto-featureflags/sdk/file_provider.go:19.74,21.2 1 4
github.com/tommed/ducto-featureflags/sdk/file_provider.go:31.61,32.21 1 4
github.com/tommed/ducto-featureflags/sdk/file_provider.go:32.21,34.3 1 4
github.com/tommed/ducto-featureflags/sdk/file_provider.go:38.64,40.16 2 4
github.com/tommed/ducto-featureflags/sdk/file_provider.go:40.16,42.3 1 0
github.com/tommed/ducto-featureflags/sdk/file_provider.go:43.2,44.16 2 4
github.com/tommed/ducto-featureflags/sdk/file_provider.go:44.16,46.3 1 0
github.com/tommed/ducto-featureflags/sdk/file_provider.go:48.2,53.19 5 4
github.com/tommed/ducto-featureflags/sdk/file_provider.go:56.74,58.16 2 4
github.com/tommed/ducto-featureflags/sdk/file_provider.go:58.16,60.3 1 0
github.com/tommed/ducto-featureflags/sdk/file_provider.go:62.2,64.16 3 4
github.com/tommed/ducto-featureflags/sdk/file_provider.go:64.16,66.3 1 0
github.com/tommed/ducto-featureflags/sdk/file_provider.go:68.2,71.6 3 4
github.com/tommed/ducto-featureflags/sdk/file_provider.go:71.6,72.10 1 12
github.com/tommed/ducto-featureflags/sdk/file_provider.go:73.21,74.10 1 0
github.com/tommed/ducto-featureflags/sdk/file_provider.go:75.32,77.26 2 8
github.com/tommed/ducto-featureflags/sdk/file_provider.go:77.26,78.13 1 4
github.com/tommed/ducto-featureflags/sdk/file_provider.go:80.4,80.68 1 4
github.com/tommed/ducto-featureflags/sdk/file_provider.go:80.68,83.19 3 0
github.com/tommed/ducto-featureflags/sdk/file_provider.go:83.19,85.6 1 0
github.com/tommed/ducto-featureflags/sdk/file_provider.go:87.32,88.46 1 0
github.com/tommed/ducto-featureflags/sdk/http.go:8.85,11.2 2 0
github.com/tommed/ducto-featureflags/sdk/http_provider.go:22.86,28.2 1 0
github.com/tommed/ducto-featureflags/sdk/http_provider.go:30.66,34.16 2 0
github.com/tommed/ducto-featureflags/sdk/http_provider.go:34.16,36.3 1 0
github.com/tommed/ducto-featureflags/sdk/http_provider.go:37.2,37.19 1 0
github.com/tommed/ducto-featureflags/sdk/http_provider.go:37.19,39.3 1 0
github.com/tommed/ducto-featureflags/sdk/http_provider.go:40.2,40.21 1 0
github.com/tommed/ducto-featureflags/sdk/http_provider.go:40.21,42.3 1 0
github.com/tommed/ducto-featureflags/sdk/http_provider.go:45.2,46.16 2 0
github.com/tommed/ducto-featureflags/sdk/http_provider.go:46.16,48.3 1 0
github.com/tommed/ducto-featureflags/sdk/http_provider.go:51.2,54.47 2 0
github.com/tommed/ducto-featureflags/sdk/http_provider.go:54.47,56.3 1 0
github.com/tommed/ducto-featureflags/sdk/http_provider.go:57.2,57.28 1 0
github.com/tommed/ducto-featureflags/sdk/http_provider.go:57.28,59.3 1 0
github.com/tommed/ducto-featureflags/sdk/http_provider.go:61.2,62.16 2 0
github.com/tommed/ducto-featureflags/sdk/http_provider.go:62.16,64.3 1 0
github.com/tommed/ducto-featureflags/sdk/http_provider.go:66.2,67.16 2 0
github.com/tommed/ducto-featureflags/sdk/http_provider.go:67.16,69.3 1 0
github.com/tommed/ducto-featureflags/sdk/http_provider.go:71.2,75.19 5 0
github.com/tommed/ducto-featureflags/sdk/http_provider.go:78.74,82.6 3 0
github.com/tommed/ducto-featureflags/sdk/http_provider.go:82.6,83.10 1 0
github.com/tommed/ducto-featureflags/sdk/http_provider.go:84.21,85.10 1 0
github.com/tommed/ducto-featureflags/sdk/http_provider.go:86.19,88.34 2 0
github.com/tommed/ducto-featureflags/sdk/http_provider.go:88.34,89.13 1 0
github.com/tommed/ducto-featureflags/sdk/http_provider.go:91.4,91.19 1 0
github.com/tommed/ducto-featureflags/sdk/store.go:13.47,15.2 1 0
github.com/tommed/ducto-featureflags/sdk/store.go:18.46,21.2 2 6
github.com/tommed/ducto-featureflags/sdk/store.go:24.44,26.2 1 1
github.com/tommed/ducto-featureflags/sdk/store_dynamic.go:26.81,31.2 1 4
github.com/tommed/ducto-featureflags/sdk/store_dynamic.go:33.48,37.2 3 4
github.com/tommed/ducto-featureflags/sdk/store_dynamic.go:40.38,42.16 2 4
github.com/tommed/ducto-featureflags/sdk/store_dynamic.go:42.16,44.3 1 0
github.com/tommed/ducto-featureflags/sdk/store_dynamic.go:45.2,48.48 3 4
github.com/tommed/ducto-featureflags/sdk/store_dynamic.go:48.48,49.21 1 0
github.com/tommed/ducto-featureflags/sdk/store_dynamic.go:49.21,51.4 1 0
github.com/tommed/ducto-featureflags/sdk/store_dynamic.go:52.3,55.16 4 0
github.com/tommed/ducto-featureflags/sdk/store_dynamic.go:58.2,58.12 1 4
github.com/tommed/ducto-featureflags/sdk/store_dynamic.go:62.53,66.2 3 4
github.com/tommed/ducto-featureflags/sdk/store_dynamic.go:69.51,73.2 3 0
github.com/tommed/ducto-featureflags/sdk/utils.go:15.27,16.25 1 0
github.com/tommed/ducto-featureflags/sdk/utils.go:16.25,18.17 2 0
github.com/tommed/ducto-featureflags/sdk/utils.go:18.17,20.4 1 0
github.com/tommed/ducto-featureflags/sdk/utils.go:22.2,22.23 1 0
github.com/tommed/ducto-featureflags/sdk/utils.go:25.44,26.14 1 0
github.com/tommed/ducto-featureflags/sdk/utils.go:27.16,29.25 2 0
github.com/tommed/ducto-featureflags/sdk/utils.go:30.10,33.30 3 0
github.com/tommed/ducto-featureflags/test/utils.go:8.44,13.2 1 6
github.com/tommed/ducto-featureflags/test/utils.go:15.32,17.2 1 5
github.com/tommed/ducto-featureflags/test/utils.go:19.46,20.16 1 6
github.com/tommed/ducto-featureflags/test/utils.go:21.14,23.22 2 0
github.com/tommed/ducto-featureflags/test/utils.go:24.10,26.22 2 6
github.com/tommed/ducto-featureflags/cmd/ducto-flags/main.go:9.13,11.2 1 0
github.com/tommed/ducto-featureflags/internal/cli/context.go:12.38,12.70 1 0
github.com/tommed/ducto-featureflags/internal/cli/context.go:13.46,16.2 2 0
github.com/tommed/ducto-featureflags/internal/cli/context.go:19.51,21.26 2 0
github.com/tommed/ducto-featureflags/internal/cli/context.go:21.26,23.22 2 0
github.com/tommed/ducto-featureflags/internal/cli/context.go:23.22,25.4 1 0
github.com/tommed/ducto-featureflags/internal/cli/context.go:27.2,27.12 1 0
github.com/tommed/ducto-featureflags/internal/cli/root.go:7.59,8.20 1 0
github.com/tommed/ducto-featureflags/internal/cli/root.go:8.20,10.3 1 0
github.com/tommed/ducto-featureflags/internal/cli/root.go:12.2,12.17 1 0
github.com/tommed/ducto-featureflags/internal/cli/root.go:13.15,14.41 1 0
github.com/tommed/ducto-featureflags/internal/cli/root.go:15.10,16.35 1 0
github.com/tommed/ducto-featureflags/internal/cli/runner.go:13.55,26.39 11 0
github.com/tommed/ducto-featureflags/internal/cli/runner.go:26.39,29.3 2 0
github.com/tommed/ducto-featureflags/internal/cli/runner.go:31.2,31.16 1 0
github.com/tommed/ducto-featureflags/internal/cli/runner.go:31.16,34.3 2 0
github.com/tommed/ducto-featureflags/internal/cli/runner.go:36.2,36.28 1 0
github.com/tommed/ducto-featureflags/internal/cli/runner.go:36.28,39.3 2 0
github.com/tommed/ducto-featureflags/internal/cli/runner.go:41.2,42.16 2 0
github.com/tommed/ducto-featureflags/internal/cli/runner.go:42.16,45.3 2 0
github.com/tommed/ducto-featureflags/internal/cli/runner.go:47.2,47.14 1 0
github.com/tommed/ducto-featureflags/internal/cli/runner.go:47.14,50.3 2 0
github.com/tommed/ducto-featureflags/internal/cli/runner.go:52.2,54.9 3 0
github.com/tommed/ducto-featureflags/internal/cli/runner.go:54.9,57.3 2 0
github.com/tommed/ducto-featureflags/internal/cli/runner.go:58.2,59.16 2 0
github.com/tommed/ducto-featureflags/internal/cli/runner.go:59.16,62.3 2 0
github.com/tommed/ducto-featureflags/internal/cli/runner.go:64.2,66.10 3 0
github.com/tommed/ducto-featureflags/internal/cli/runner.go:69.55,73.2 3 0
github.com/tommed/ducto-featureflags/internal/cli/serve.go:27.57,38.39 8 0
github.com/tommed/ducto-featureflags/internal/cli/serve.go:38.39,41.3 2 0
github.com/tommed/ducto-featureflags/internal/cli/serve.go:43.2,47.16 5 0
github.com/tommed/ducto-featureflags/internal/cli/serve.go:47.16,50.3 2 0
github.com/tommed/ducto-featureflags/internal/cli/serve.go:52.2,53.93 2 0
github.com/tommed/ducto-featureflags/internal/cli/serve.go:53.93,54.55 1 0
github.com/tommed/ducto-featureflags/internal/cli/serve.go:54.55,55.19 1 0
github.com/tommed/ducto-featureflags/internal/cli/serve.go:55.19,58.25 3 0
github.com/tommed/ducto-featureflags/internal/cli/serve.go:58.25,61.6 2 0
github.com/tommed/ducto-featureflags/internal/cli/serve.go:65.4,66.24 2 0
github.com/tommed/ducto-featureflags/internal/cli/serve.go:66.24,67.57 1 0
github.com/tommed/ducto-featureflags/internal/cli/serve.go:67.57,68.91 1 0
github.com/tommed/ducto-featureflags/internal/cli/serve.go:68.91,71.7 2 0
github.com/tommed/ducto-featureflags/internal/cli/serve.go:74.4,78.17 3 0
github.com/tommed/ducto-featureflags/internal/cli/serve.go:78.17,81.37 2 0
github.com/tommed/ducto-featureflags/internal/cli/serve.go:81.37,82.20 1 0
github.com/tommed/ducto-featureflags/internal/cli/serve.go:82.20,84.7 1 0
github.com/tommed/ducto-featureflags/internal/cli/serve.go:88.5,89.12 2 0
github.com/tommed/ducto-featureflags/internal/cli/serve.go:89.12,97.6 2 0
github.com/tommed/ducto-featureflags/internal/cli/serve.go:99.5,105.23 3 0
github.com/tommed/ducto-featureflags/internal/cli/serve.go:105.23,107.6 1 0
github.com/tommed/ducto-featureflags/internal/cli/serve.go:108.5,109.11 2 0
github.com/tommed/ducto-featureflags/internal/cli/serve.go:113.4,113.31 1 0
github.com/tommed/ducto-featureflags/internal/cli/serve.go:116.2,124.12 5 0
github.com/tommed/ducto-featureflags/internal/cli/serve.go:124.12,128.3 3 0
github.com/tommed/ducto-featureflags/internal/cli/serve.go:130.2,131.48 2 0
github.com/tommed/ducto-featureflags/internal/cli/serve.go:131.48,132.44 1 0
github.com/tommed/ducto-featureflags/internal/cli/serve.go:132.44,135.4 2 0
github.com/tommed/ducto-featureflags/internal/cli/serve.go:138.2,138.10 1 0
github.com/tommed/ducto-featureflags/internal/cli/serve.go:141.59,145.2 3 0
github.com/tommed/ducto-featureflags/internal/cli/serve.go:147.59,149.2 1 0
github.com/tommed/ducto-featureflags/openfeature/provider.go:13.66,15.2 1 0
github.com/tommed/ducto-featureflags/openfeature/provider.go:17.57,19.2 1 0
github.com/tommed/ducto-featureflags/openfeature/provider.go:21.52,23.2 1 0
github.com/tommed/ducto-featureflags/openfeature/provider_context.go:9.79,11.23 2 0
github.com/tommed/ducto-featureflags/openfeature/provider_context.go:11.23,12.30 1 0
github.com/tommed/ducto-featureflags/openfeature/provider_context.go:12.30,14.4 1 0
github.com/tommed/ducto-featureflags/openfeature/provider_context.go:16.2,16.15 1 0
github.com/tommed/ducto-featureflags/openfeature/resolve_bool.go:13.36,15.12 2 0
github.com/tommed/ducto-featureflags/openfeature/resolve_bool.go:15.12,23.3 1 0
github.com/tommed/ducto-featureflags/openfeature/resolve_bool.go:25.2,27.16 3 0
github.com/tommed/ducto-featureflags/openfeature/resolve_bool.go:27.16,36.3 1 0
github.com/tommed/ducto-featureflags/openfeature/resolve_bool.go:38.2,39.9 2 0
github.com/tommed/ducto-featureflags/openfeature/resolve_bool.go:39.9,48.3 1 0
github.com/tommed/ducto-featureflags/openfeature/resolve_bool.go:50.2,51.20 2 0
github.com/tommed/ducto-featureflags/openfeature/resolve_bool.go:51.20,53.3 1 0
github.com/tommed/ducto-featureflags/openfeature/resolve_bool.go:55.2,61.3 1 0
github.com/tommed/ducto-featureflags/openfeature/resolve_numbers.go:13.35,15.12 2 0
github.com/tommed/ducto-featureflags/openfeature/resolve_numbers.go:15.12,23.3 1 0
github.com/tommed/ducto-featureflags/openfeature/resolve_numbers.go:25.2,27.16 3 0
github.com/tommed/ducto-featureflags/openfeature/resolve_numbers.go:27.16,36.3 1 0
github.com/tommed/ducto-featureflags/openfeature/resolve_numbers.go:38.2,39.34 2 0
github.com/tommed/ducto-featureflags/openfeature/resolve_numbers.go:40.11,41.15 1 0
github.com/tommed/ducto-featureflags/openfeature/resolve_numbers.go:42.13,43.8 1 0
github.com/tommed/ducto-featureflags/openfeature/resolve_numbers.go:44.15,45.15 1 0
github.com/tommed/ducto-featureflags/openfeature/resolve_numbers.go:46.10,54.4 1 0
github.com/tommed/ducto-featureflags/openfeature/resolve_numbers.go:57.2,58.20 2 0
github.com/tommed/ducto-featureflags/openfeature/resolve_numbers.go:58.20,60.3 1 0
github.com/tommed/ducto-featureflags/openfeature/resolve_numbers.go:62.2,68.3 1 0
github.com/tommed/ducto-featureflags/openfeature/resolve_numbers.go:76.37,78.12 2 0
github.com/tommed/ducto-featureflags/openfeature/resolve_numbers.go:78.12,86.3 1 0
github.com/tommed/ducto-featureflags/openfeature/resolve_numbers.go:88.2,90.16 3 0
github.com/tommed/ducto-featureflags/openfeature/resolve_numbers.go:90.16,99.3 1 0
github.com/tommed/ducto-featureflags/openfeature/resolve_numbers.go:101.2,102.34 2 0
github.com/tommed/ducto-featureflags/openfeature/resolve_numbers.go:103.15,104.8 1 0
github.com/tommed/ducto-featureflags/openfeature/resolve_numbers.go:105.15,106.17 1 0
github.com/tommed/ducto-featureflags/openfeature/resolve_numbers.go:107.11,108.17 1 0
github.com/tommed/ducto-featureflags/openfeature/resolve_numbers.go:109.13,110.17 1 0
github.com/tommed/ducto-featureflags/openfeature/resolve_numbers.go:111.10,119.4 1 0
github.com/tommed/ducto-featureflags/openfeature/resolve_numbers.go:122.2,123.20 2 0
github.com/tommed/ducto-featureflags/openfeature/resolve_numbers.go:123.20,125.3 1 0
github.com/tommed/ducto-featureflags/openfeature/resolve_numbers.go:127.2,133.3 1 0
github.com/tommed/ducto-featureflags/openfeature/resolve_objects.go:13.41,15.12 2 0
github.com/tommed/ducto-featureflags/openfeature/resolve_objects.go:15.12,23.3 1 0
github.com/tommed/ducto-featureflags/openfeature/resolve_objects.go:25.2,27.16 3 0
github.com/tommed/ducto-featureflags/openfeature/resolve_objects.go:27.16,36.3 1 0
github.com/tommed/ducto-featureflags/openfeature/resolve_objects.go:38.2,39.20 2 0
github.com/tommed/ducto-featureflags/openfeature/resolve_objects.go:39.20,41.3 1 0
github.com/tommed/ducto-featureflags/openfeature/resolve_objects.go:43.2,49.3 1 0
github.com/tommed/ducto-featureflags/openfeature/resolve_string.go:13.38,15.12 2 0
github.com/tommed/ducto-featureflags/openfeature/resolve_string.go:15.12,23.3 1 0
github.com/tommed/ducto-featureflags/openfeature/resolve_string.go:25.2,27.16 3 0
github.com/tommed/ducto-featureflags/openfeature/resolve_string.go:27.16,36.3 1 0
github.com/tommed/ducto-featureflags/openfeature/resolve_string.go:38.2,39.9 2 0
github.com/tommed/ducto-featureflags/openfeature/resolve_string.go:39.9,48.3 1 0
github.com/tommed/ducto-featureflags/openfeature/resolve_string.go:50.2,51.20 2 0
github.com/tommed/ducto-featureflags/openfeature/resolve_string.go:51.20,53.3 1 0
github.com/tommed/ducto-featureflags/openfeature/resolve_string.go:55.2,61.3 1 0
github.com/tommed/ducto-featureflags/sdk/eval.go:16.58,17.31 1 1029
github.com/tommed/ducto-featureflags/sdk/eval.go:17.31,18.29 1 1021
github.com/tommed/ducto-featureflags/sdk/eval.go:18.29,19.26 1 112
github.com/tommed/ducto-featureflags/sdk/eval.go:19.26,21.5 1 0
github.com/tommed/ducto-featureflags/sdk/eval.go:23.4,24.14 2 112
github.com/tommed/ducto-featureflags/sdk/eval.go:24.14,26.5 1 0
github.com/tommed/ducto-featureflags/sdk/eval.go:28.4,33.5 1 112
github.com/tommed/ducto-featureflags/sdk/eval.go:38.2,39.12 2 917
github.com/tommed/ducto-featureflags/sdk/eval.go:39.12,41.3 1 1
github.com/tommed/ducto-featureflags/sdk/eval.go:43.2,48.3 1 916
github.com/tommed/ducto-featureflags/sdk/eval.go:51.58,53.28 1 1021
github.com/tommed/ducto-featureflags/sdk/eval.go:53.28,54.18 1 18
github.com/tommed/ducto-featureflags/sdk/eval.go:54.18,56.4 1 11
github.com/tommed/ducto-featureflags/sdk/eval.go:60.2,60.25 1 1010
github.com/tommed/ducto-featureflags/sdk/eval.go:60.25,61.25 1 1003
github.com/tommed/ducto-featureflags/sdk/eval.go:61.25,63.4 1 0
github.com/tommed/ducto-featureflags/sdk/eval.go:64.3,65.20 2 1003
github.com/tommed/ducto-featureflags/sdk/eval.go:65.20,67.4 1 0
github.com/tommed/ducto-featureflags/sdk/eval.go:68.3,69.10 2 1003
github.com/tommed/ducto-featureflags/sdk/eval.go:69.10,71.29 1 1
github.com/tommed/ducto-featureflags/sdk/eval.go:71.29,73.22 2 1
github.com/tommed/ducto-featureflags/sdk/eval.go:73.22,75.6 1 0
github.com/tommed/ducto-featureflags/sdk/eval.go:76.10,78.5 1 0
github.com/tommed/ducto-featureflags/sdk/eval.go:81.3,82.33 2 1003
github.com/tommed/ducto-featureflags/sdk/eval.go:85.2,85.13 1 7
github.com/tommed/ducto-featureflags/sdk/file.go:13.52,15.16 2 7
github.com/tommed/ducto-featureflags/sdk/file.go:15.16,17.3 1 1
github.com/tommed/ducto-featureflags/sdk/file.go:18.2,18.62 1 6
github.com/tommed/ducto-featureflags/sdk/file.go:22.78,24.16 2 19
github.com/tommed/ducto-featureflags/sdk/file.go:25.14,26.55 1 2
github.com/tommed/ducto-featureflags/sdk/file.go:26.55,28.4 1 0
github.com/tommed/ducto-featureflags/sdk/file.go:29.10,30.55 1 17
github.com/tommed/ducto-featureflags/sdk/file.go:30.55,32.4 1 4
github.com/tommed/ducto-featureflags/sdk/file.go:34.2,34.35 1 15
github.com/tommed/ducto-featureflags/sdk/file.go:37.39,39.13 2 15
github.com/tommed/ducto-featureflags/sdk/file.go:40.23,41.16 1 2
github.com/tommed/ducto-featureflags/sdk/file.go:42.10,43.16 1 13
github.com/tommed/ducto-featureflags/sdk/file_provider.go:15.49,17.2 1 2
github.com/tommed/ducto-featureflags/sdk/file_provider.go:19.74,21.2 1 2
github.com/tommed/ducto-featureflags/sdk/file_provider.go:31.61,32.21 1 3
github.com/tommed/ducto-featureflags/sdk/file_provider.go:32.21,34.3 1 0
github.com/tommed/ducto-featureflags/sdk/file_provider.go:38.64,40.16 2 4
github.com/tommed/ducto-featureflags/sdk/file_provider.go:40.16,42.3 1 0
github.com/tommed/ducto-featureflags/sdk/file_provider.go:43.2,44.16 2 4
github.com/tommed/ducto-featureflags/sdk/file_provider.go:44.16,46.3 1 1
github.com/tommed/ducto-featureflags/sdk/file_provider.go:48.2,53.19 5 3
github.com/tommed/ducto-featureflags/sdk/file_provider.go:56.74,58.16 2 2
github.com/tommed/ducto-featureflags/sdk/file_provider.go:58.16,60.3 1 0
github.com/tommed/ducto-featureflags/sdk/file_provider.go:62.2,64.16 3 2
github.com/tommed/ducto-featureflags/sdk/file_provider.go:64.16,66.3 1 0
github.com/tommed/ducto-featureflags/sdk/file_provider.go:68.2,71.6 3 2
github.com/tommed/ducto-featureflags/sdk/file_provider.go:71.6,72.10 1 10
github.com/tommed/ducto-featureflags/sdk/file_provider.go:73.21,74.10 1 2
github.com/tommed/ducto-featureflags/sdk/file_provider.go:75.32,77.26 2 8
github.com/tommed/ducto-featureflags/sdk/file_provider.go:77.26,78.13 1 6
github.com/tommed/ducto-featureflags/sdk/file_provider.go:80.4,80.68 1 2
github.com/tommed/ducto-featureflags/sdk/file_provider.go:80.68,83.19 3 2
github.com/tommed/ducto-featureflags/sdk/file_provider.go:83.19,85.6 1 1
github.com/tommed/ducto-featureflags/sdk/file_provider.go:87.32,88.46 1 0
github.com/tommed/ducto-featureflags/sdk/http.go:8.85,11.2 2 4
github.com/tommed/ducto-featureflags/sdk/http_provider.go:22.86,28.2 1 6
github.com/tommed/ducto-featureflags/sdk/http_provider.go:30.66,34.16 2 13
github.com/tommed/ducto-featureflags/sdk/http_provider.go:34.16,36.3 1 1
github.com/tommed/ducto-featureflags/sdk/http_provider.go:37.2,37.19 1 12
github.com/tommed/ducto-featureflags/sdk/http_provider.go:37.19,39.3 1 3
github.com/tommed/ducto-featureflags/sdk/http_provider.go:40.2,40.21 1 12
github.com/tommed/ducto-featureflags/sdk/http_provider.go:40.21,42.3 1 3
github.com/tommed/ducto-featureflags/sdk/http_provider.go:45.2,46.16 2 12
github.com/tommed/ducto-featureflags/sdk/http_provider.go:46.16,48.3 1 0
github.com/tommed/ducto-featureflags/sdk/http_provider.go:51.2,54.47 2 12
github.com/tommed/ducto-featureflags/sdk/http_provider.go:54.47,56.3 1 1
github.com/tommed/ducto-featureflags/sdk/http_provider.go:57.2,57.28 1 11
github.com/tommed/ducto-featureflags/sdk/http_provider.go:57.28,59.3 1 2
github.com/tommed/ducto-featureflags/sdk/http_provider.go:61.2,62.16 2 9
github.com/tommed/ducto-featureflags/sdk/http_provider.go:62.16,64.3 1 0
github.com/tommed/ducto-featureflags/sdk/http_provider.go:66.2,67.16 2 9
github.com/tommed/ducto-featureflags/sdk/http_provider.go:67.16,69.3 1 2
github.com/tommed/ducto-featureflags/sdk/http_provider.go:71.2,75.19 5 7
github.com/tommed/ducto-featureflags/sdk/http_provider.go:78.74,82.6 3 1
github.com/tommed/ducto-featureflags/sdk/http_provider.go:82.6,83.10 1 3
github.com/tommed/ducto-featureflags/sdk/http_provider.go:84.21,85.10 1 1
github.com/tommed/ducto-featureflags/sdk/http_provider.go:86.19,88.34 2 2
github.com/tommed/ducto-featureflags/sdk/http_provider.go:88.34,89.13 1 0
github.com/tommed/ducto-featureflags/sdk/http_provider.go:91.4,91.19 1 2
github.com/tommed/ducto-featureflags/sdk/store.go:13.47,15.2 1 0
github.com/tommed/ducto-featureflags/sdk/store.go:18.46,21.2 2 17
github.com/tommed/ducto-featureflags/sdk/store.go:24.44,26.2 1 1
github.com/tommed/ducto-featureflags/sdk/store_dynamic.go:26.81,31.2 1 2
github.com/tommed/ducto-featureflags/sdk/store_dynamic.go:33.48,37.2 3 0
github.com/tommed/ducto-featureflags/sdk/store_dynamic.go:40.38,42.16 2 2
github.com/tommed/ducto-featureflags/sdk/store_dynamic.go:42.16,44.3 1 0
github.com/tommed/ducto-featureflags/sdk/store_dynamic.go:45.2,48.48 3 2
github.com/tommed/ducto-featureflags/sdk/store_dynamic.go:48.48,49.21 1 1
github.com/tommed/ducto-featureflags/sdk/store_dynamic.go:49.21,51.4 1 0
github.com/tommed/ducto-featureflags/sdk/store_dynamic.go:52.3,55.16 4 1
github.com/tommed/ducto-featureflags/sdk/store_dynamic.go:58.2,58.12 1 2
github.com/tommed/ducto-featureflags/sdk/store_dynamic.go:62.53,66.2 3 3
github.com/tommed/ducto-featureflags/sdk/store_dynamic.go:69.51,73.2 3 0
github.com/tommed/ducto-featureflags/sdk/utils.go:15.27,16.25 1 1
github.com/tommed/ducto-featureflags/sdk/utils.go:16.25,18.17 2 1
github.com/tommed/ducto-featureflags/sdk/utils.go:18.17,20.4 1 1
github.com/tommed/ducto-featureflags/sdk/utils.go:22.2,22.23 1 1
github.com/tommed/ducto-featureflags/sdk/utils.go:25.44,26.14 1 1003
github.com/tommed/ducto-featureflags/sdk/utils.go:27.16,29.25 2 2
github.com/tommed/ducto-featureflags/sdk/utils.go:30.10,33.30 3 1001
github.com/tommed/ducto-featureflags/test/utils.go:8.44,13.2 1 9
github.com/tommed/ducto-featureflags/test/utils.go:15.32,17.2 1 9
github.com/tommed/ducto-featureflags/test/utils.go:19.46,20.16 1 9
github.com/tommed/ducto-featureflags/test/utils.go:21.14,23.22 2 0
github.com/tommed/ducto-featureflags/test/utils.go:24.10,26.22 2 9
